
[2025-04-12 10:38:54] Traceback (most recent call last):
  File "lifespan_handler.pyx", line 116, in cefpython_py39.LifespanHandler_OnBeforeClose
  File "utils.pyx", line 50, in cefpython_py39.Debug
KeyboardInterrupt


[2025-04-12 10:41:49] Traceback (most recent call last):
  File "lifespan_handler.pyx", line 116, in cefpython_py39.LifespanHandler_OnBeforeClose
  File "utils.pyx", line 50, in cefpython_py39.Debug
KeyboardInterrupt


[2025-04-12 10:50:15] Traceback (most recent call last):
  File "lifespan_handler.pyx", line 116, in cefpython_py39.LifespanHandler_OnBeforeClose
  File "utils.pyx", line 50, in cefpython_py39.Debug
KeyboardInterrupt


[2025-04-12 10:50:28] Traceback (most recent call last):
  File "C:\Users\Worst\Desktop\SlugHub\map.py", line 35, in <module>
    app.run()
  File "C:\Users\Worst\Desktop\SlugHub\map.py", line 13, in run
    self.create_browser()
  File "C:\Users\Worst\Desktop\SlugHub\map.py", line 18, in create_browser
    html_path = self.generate_html_with_api_key()
  File "C:\Users\Worst\Desktop\SlugHub\map.py", line 25, in generate_html_with_api_key
    with open("map_template.html", "r") as f:
FileNotFoundError: [Errno 2] No such file or directory: 'map_template.html'


[2025-04-12 12:02:46] Traceback (most recent call last):
  File "C:\Users\Worst\Desktop\SlugHub\map.py", line 67, in <module>
    main()
  File "C:\Users\Worst\Desktop\SlugHub\map.py", line 60, in main
    app = MapWindow(root)
  File "C:\Users\Worst\Desktop\SlugHub\map.py", line 24, in __init__
    "browser_subprocess_path": cef.GetModulePath(),
AttributeError: module 'cefpython3.cefpython_py39' has no attribute 'GetModulePath'


[2025-04-12 12:13:02] Traceback (most recent call last):
  File "C:\Users\Worst\Desktop\SlugHub\map.py", line 69, in <module>
    main()
  File "C:\Users\Worst\Desktop\SlugHub\map.py", line 65, in main
    root.mainloop()
  File "C:\Users\Worst\miniconda3\envs\py3.9\lib\tkinter\__init__.py", line 1429, in mainloop
    self.tk.mainloop(n)
KeyboardInterrupt


[2025-04-12 12:14:29] Traceback (most recent call last):
  File "C:\Users\Worst\Desktop\SlugHub\map.py", line 69, in <module>
    main()
  File "C:\Users\Worst\Desktop\SlugHub\map.py", line 62, in main
    app = MapWindow(root)
  File "C:\Users\Worst\Desktop\SlugHub\map.py", line 36, in __init__
    self.inject_api_key()
  File "C:\Users\Worst\Desktop\SlugHub\map.py", line 48, in inject_api_key
    self.browser.GetMainFrame().LoadString(window_info, url="file://" + html_path)
NameError: name 'window_info' is not defined


[2025-04-12 12:30:37] Traceback (most recent call last):
  File "C:\Users\Worst\Desktop\SlugHub\map.py", line 89, in <module>
    main()
  File "C:\Users\Worst\Desktop\SlugHub\map.py", line 80, in main
    app = GoogleMapsCEFApp(root)
  File "C:\Users\Worst\Desktop\SlugHub\map.py", line 25, in __init__
    cef.Initialize({"disable-gpu": True})  # Disable GPU for compatibility
  File "cefpython_py39.pyx", line 629, in cefpython_py39.Initialize
  File "settings.pyx", line 133, in cefpython_py39.SetApplicationSettings
Exception: Invalid appSettings key: disable-gpu


[2025-04-12 12:32:22] Traceback (most recent call last):
  File "C:\Users\Worst\Desktop\SlugHub\map.py", line 89, in <module>
    main()
  File "C:\Users\Worst\Desktop\SlugHub\map.py", line 80, in main
    app = GoogleMapsCEFApp(root)
  File "C:\Users\Worst\Desktop\SlugHub\map.py", line 25, in __init__
    cef.Initialize({"disable-gpu": True})  # Disable GPU for compatibility
  File "cefpython_py39.pyx", line 629, in cefpython_py39.Initialize
  File "settings.pyx", line 133, in cefpython_py39.SetApplicationSettings
Exception: Invalid appSettings key: disable-gpu

